<?xml version="1.0" encoding="UTF-8"?>
<!-- Generated by org.testng.reporters.JUnitXMLReporter -->
<testsuite hostname="THSLT10062" ignored="6" name="Test Run" tests="12" failures="3" timestamp="2019-10-19T19:12:16 IST" time="22.459" errors="0">
  <testcase name="method1" time="2.092" classname="com.extent.Scripts.TestClass1"/>
  <testcase name="method2" time="0.002" classname="com.extent.Scripts.TestClass1"/>
  <testcase name="method3" time="0.002" classname="com.extent.Scripts.TestClass1"/>
  <testcase name="method5" time="0.034" classname="com.extent.Scripts.TestClass1">
    <failure type="org.openqa.selenium.NoSuchElementException" message="no such element: Unable to locate element: {&amp;quot;method&amp;quot;:&amp;quot;css selector&amp;quot;,&amp;quot;selector&amp;quot;:&amp;quot;#navakanth&amp;quot;}
  (Session info: chrome=77.0.3865.120)
For documentation on this error, please visit: https://www.seleniumhq.org/exceptions/no_such_element.html
Build info: version: &amp;apos;3.141.59&amp;apos;, revision: &amp;apos;e82be7d358&amp;apos;, time: &amp;apos;2018-11-14T08:17:03&amp;apos;
System info: host: &amp;apos;THSLT10062&amp;apos;, ip: &amp;apos;192.168.100.88&amp;apos;, os.name: &amp;apos;Windows 10&amp;apos;, os.arch: &amp;apos;amd64&amp;apos;, os.version: &amp;apos;10.0&amp;apos;, java.version: &amp;apos;1.8.0_171&amp;apos;
Driver info: org.openqa.selenium.chrome.ChromeDriver
Capabilities {acceptInsecureCerts: false, browserName: chrome, browserVersion: 77.0.3865.120, chrome: {chromedriverVersion: 77.0.3865.40 (f484704e052e0..., userDataDir: C:\Users\THI180~1\AppData\L...}, goog:chromeOptions: {debuggerAddress: localhost:57351}, javascriptEnabled: true, networkConnectionEnabled: false, pageLoadStrategy: normal, platform: XP, platformName: XP, proxy: Proxy(), setWindowRect: true, strictFileInteractability: false, timeouts: {implicit: 0, pageLoad: 300000, script: 30000}, unhandledPromptBehavior: dismiss and notify}
Session ID: e610a91bf32d170c485ae4215c1a9495
*** Element info: {Using=id, value=navakanth}">
      <![CDATA[org.openqa.selenium.NoSuchElementException: no such element: Unable to locate element: {"method":"css selector","selector":"#navakanth"}
  (Session info: chrome=77.0.3865.120)
For documentation on this error, please visit: https://www.seleniumhq.org/exceptions/no_such_element.html
Build info: version: '3.141.59', revision: 'e82be7d358', time: '2018-11-14T08:17:03'
System info: host: 'THSLT10062', ip: '192.168.100.88', os.name: 'Windows 10', os.arch: 'amd64', os.version: '10.0', java.version: '1.8.0_171'
Driver info: org.openqa.selenium.chrome.ChromeDriver
Capabilities {acceptInsecureCerts: false, browserName: chrome, browserVersion: 77.0.3865.120, chrome: {chromedriverVersion: 77.0.3865.40 (f484704e052e0..., userDataDir: C:\Users\THI180~1\AppData\L...}, goog:chromeOptions: {debuggerAddress: localhost:57351}, javascriptEnabled: true, networkConnectionEnabled: false, pageLoadStrategy: normal, platform: XP, platformName: XP, proxy: Proxy(), setWindowRect: true, strictFileInteractability: false, timeouts: {implicit: 0, pageLoad: 300000, script: 30000}, unhandledPromptBehavior: dismiss and notify}
Session ID: e610a91bf32d170c485ae4215c1a9495
*** Element info: {Using=id, value=navakanth}
at org.openqa.selenium.remote.http.W3CHttpResponseCodec.createException(W3CHttpResponseCodec.java:187)
at org.openqa.selenium.remote.http.W3CHttpResponseCodec.decode(W3CHttpResponseCodec.java:122)
at org.openqa.selenium.remote.http.W3CHttpResponseCodec.decode(W3CHttpResponseCodec.java:49)
at org.openqa.selenium.remote.HttpCommandExecutor.execute(HttpCommandExecutor.java:158)
at org.openqa.selenium.remote.service.DriverCommandExecutor.execute(DriverCommandExecutor.java:83)
at org.openqa.selenium.remote.RemoteWebDriver.execute(RemoteWebDriver.java:552)
at org.openqa.selenium.remote.RemoteWebDriver.findElement(RemoteWebDriver.java:323)
at org.openqa.selenium.remote.RemoteWebDriver.findElementById(RemoteWebDriver.java:372)
at org.openqa.selenium.By$ById.findElement(By.java:188)
at org.openqa.selenium.remote.RemoteWebDriver.findElement(RemoteWebDriver.java:315)
at com.extent.Scripts.TestClass1.method5(TestClass1.java:38)
at java.util.ArrayList.forEach(Unknown Source)
... Removed 31 stack frames]]>
    </failure>
  </testcase> <!-- method5 -->
  <testcase name="method1" time="3.846" classname="com.extent.Scripts.TestClass2"/>
  <testcase name="method2" time="0.001" classname="com.extent.Scripts.TestClass2"/>
  <testcase name="method3" time="0.002" classname="com.extent.Scripts.TestClass2"/>
  <testcase name="method5" time="0.004" classname="com.extent.Scripts.TestClass2">
    <failure type="java.lang.AssertionError" message="null">
      <![CDATA[java.lang.AssertionError: null
at com.extent.Scripts.TestClass2.method5(TestClass2.java:38)
at java.util.ArrayList.forEach(Unknown Source)
... Removed 29 stack frames]]>
    </failure>
  </testcase> <!-- method5 -->
  <testcase name="method1" time="1.832" classname="com.extent.Scripts2.ScriptsTestClass2"/>
  <testcase name="method2" time="0.002" classname="com.extent.Scripts2.ScriptsTestClass2"/>
  <testcase name="method3" time="0.002" classname="com.extent.Scripts2.ScriptsTestClass2"/>
  <testcase name="method5" time="0.001" classname="com.extent.Scripts2.ScriptsTestClass2">
    <failure type="java.lang.AssertionError" message="null">
      <![CDATA[java.lang.AssertionError: null
at com.extent.Scripts2.ScriptsTestClass2.method5(ScriptsTestClass2.java:38)
at java.util.ArrayList.forEach(Unknown Source)
... Removed 29 stack frames]]>
    </failure>
  </testcase> <!-- method5 -->
  <testcase name="method4" time="0.0" classname="com.extent.Scripts.TestClass2">
    <ignored/>
  </testcase> <!-- method4 -->
  <testcase name="method7" time="0.0" classname="com.extent.Scripts.TestClass1">
    <ignored/>
  </testcase> <!-- method7 -->
  <testcase name="method4" time="0.0" classname="com.extent.Scripts.TestClass1">
    <ignored/>
  </testcase> <!-- method4 -->
  <testcase name="method7" time="0.0" classname="com.extent.Scripts2.ScriptsTestClass2">
    <ignored/>
  </testcase> <!-- method7 -->
  <testcase name="method7" time="0.0" classname="com.extent.Scripts.TestClass2">
    <ignored/>
  </testcase> <!-- method7 -->
  <testcase name="method4" time="0.0" classname="com.extent.Scripts2.ScriptsTestClass2">
    <ignored/>
  </testcase> <!-- method4 -->
</testsuite> <!-- Test Run -->
